Build started 2015-10-08 11:42:40 PM.
     1>Project "C:\Users\Kevin\Documents\Visual Studio 2012\Projects\Assignment 1 take 3\Assignment 1 take 3\Assignment 1 take 3.vcxproj" on node 2 (Build target(s)).
     1>ClCompile:
         C:\Program Files (x86)\Microsoft Visual Studio 11.0\VC\bin\CL.exe /c /ZI /nologo /W3 /WX- /Od /Oy- /D WIN32 /D _DEBUG /D _CONSOLE /D _UNICODE /D UNICODE /Gm /EHsc /RTC1 /MDd /GS /fp:precise /Zc:wchar_t /Zc:forScope /Fo"Debug\\" /Fd"Debug\vc110.pdb" /Gd /TP /analyze- /errorReport:prompt Source.cpp
         Source.cpp
     1>c:\users\kevin\documents\visual studio 2012\projects\assignment 1 take 3\assignment 1 take 3\source.cpp(64): warning C4553: '==' : operator has no effect; did you intend '='?
     1>c:\users\kevin\documents\visual studio 2012\projects\assignment 1 take 3\assignment 1 take 3\source.cpp(69): warning C4244: 'argument' : conversion from 'time_t' to 'unsigned int', possible loss of data
     1>c:\users\kevin\documents\visual studio 2012\projects\assignment 1 take 3\assignment 1 take 3\source.cpp(73): warning C4551: function call missing argument list
     1>c:\users\kevin\documents\visual studio 2012\projects\assignment 1 take 3\assignment 1 take 3\source.cpp(79): warning C4996: 'flushall': The POSIX name for this item is deprecated. Instead, use the ISO C++ conformant name: _flushall. See online help for details.
                 c:\program files (x86)\microsoft visual studio 11.0\vc\include\stdio.h(712) : see declaration of 'flushall'
     1>c:\users\kevin\documents\visual studio 2012\projects\assignment 1 take 3\assignment 1 take 3\source.cpp(80): warning C4996: 'gets': This function or variable may be unsafe. Consider using gets_s instead. To disable deprecation, use _CRT_SECURE_NO_WARNINGS. See online help for details.
                 c:\program files (x86)\microsoft visual studio 11.0\vc\include\stdio.h(261) : see declaration of 'gets'
     1>c:\users\kevin\documents\visual studio 2012\projects\assignment 1 take 3\assignment 1 take 3\source.cpp(84): warning C4996: 'gets': This function or variable may be unsafe. Consider using gets_s instead. To disable deprecation, use _CRT_SECURE_NO_WARNINGS. See online help for details.
                 c:\program files (x86)\microsoft visual studio 11.0\vc\include\stdio.h(261) : see declaration of 'gets'
     1>c:\users\kevin\documents\visual studio 2012\projects\assignment 1 take 3\assignment 1 take 3\source.cpp(127): warning C4996: 'flushall': The POSIX name for this item is deprecated. Instead, use the ISO C++ conformant name: _flushall. See online help for details.
                 c:\program files (x86)\microsoft visual studio 11.0\vc\include\stdio.h(712) : see declaration of 'flushall'
     1>c:\users\kevin\documents\visual studio 2012\projects\assignment 1 take 3\assignment 1 take 3\source.cpp(128): warning C4996: 'gets': This function or variable may be unsafe. Consider using gets_s instead. To disable deprecation, use _CRT_SECURE_NO_WARNINGS. See online help for details.
                 c:\program files (x86)\microsoft visual studio 11.0\vc\include\stdio.h(261) : see declaration of 'gets'
     1>c:\users\kevin\documents\visual studio 2012\projects\assignment 1 take 3\assignment 1 take 3\source.cpp(132): warning C4996: 'gets': This function or variable may be unsafe. Consider using gets_s instead. To disable deprecation, use _CRT_SECURE_NO_WARNINGS. See online help for details.
                 c:\program files (x86)\microsoft visual studio 11.0\vc\include\stdio.h(261) : see declaration of 'gets'
     1>c:\users\kevin\documents\visual studio 2012\projects\assignment 1 take 3\assignment 1 take 3\source.cpp(150): warning C4996: 'flushall': The POSIX name for this item is deprecated. Instead, use the ISO C++ conformant name: _flushall. See online help for details.
                 c:\program files (x86)\microsoft visual studio 11.0\vc\include\stdio.h(712) : see declaration of 'flushall'
     1>c:\users\kevin\documents\visual studio 2012\projects\assignment 1 take 3\assignment 1 take 3\source.cpp(59): warning C4101: 'h' : unreferenced local variable
     1>c:\users\kevin\documents\visual studio 2012\projects\assignment 1 take 3\assignment 1 take 3\source.cpp(170): warning C4996: 'fopen': This function or variable may be unsafe. Consider using fopen_s instead. To disable deprecation, use _CRT_SECURE_NO_WARNINGS. See online help for details.
                 c:\program files (x86)\microsoft visual studio 11.0\vc\include\stdio.h(218) : see declaration of 'fopen'
     1>c:\users\kevin\documents\visual studio 2012\projects\assignment 1 take 3\assignment 1 take 3\source.cpp(204): warning C4996: 'fopen': This function or variable may be unsafe. Consider using fopen_s instead. To disable deprecation, use _CRT_SECURE_NO_WARNINGS. See online help for details.
                 c:\program files (x86)\microsoft visual studio 11.0\vc\include\stdio.h(218) : see declaration of 'fopen'
     1>c:\users\kevin\documents\visual studio 2012\projects\assignment 1 take 3\assignment 1 take 3\source.cpp(167): warning C4101: 'counter' : unreferenced local variable
     1>c:\users\kevin\documents\visual studio 2012\projects\assignment 1 take 3\assignment 1 take 3\source.cpp(275): warning C4553: '==' : operator has no effect; did you intend '='?
     1>c:\users\kevin\documents\visual studio 2012\projects\assignment 1 take 3\assignment 1 take 3\source.cpp(288): warning C4996: 'strcpy': This function or variable may be unsafe. Consider using strcpy_s instead. To disable deprecation, use _CRT_SECURE_NO_WARNINGS. See online help for details.
                 c:\program files (x86)\microsoft visual studio 11.0\vc\include\string.h(110) : see declaration of 'strcpy'
     1>c:\users\kevin\documents\visual studio 2012\projects\assignment 1 take 3\assignment 1 take 3\source.cpp(291): warning C4996: 'strcpy': This function or variable may be unsafe. Consider using strcpy_s instead. To disable deprecation, use _CRT_SECURE_NO_WARNINGS. See online help for details.
                 c:\program files (x86)\microsoft visual studio 11.0\vc\include\string.h(110) : see declaration of 'strcpy'
     1>c:\users\kevin\documents\visual studio 2012\projects\assignment 1 take 3\assignment 1 take 3\source.cpp(295): warning C4996: 'strcpy': This function or variable may be unsafe. Consider using strcpy_s instead. To disable deprecation, use _CRT_SECURE_NO_WARNINGS. See online help for details.
                 c:\program files (x86)\microsoft visual studio 11.0\vc\include\string.h(110) : see declaration of 'strcpy'
     1>c:\users\kevin\documents\visual studio 2012\projects\assignment 1 take 3\assignment 1 take 3\source.cpp(261): warning C4715: 'checkQueue' : not all control paths return a value
       Link:
         C:\Program Files (x86)\Microsoft Visual Studio 11.0\VC\bin\link.exe /ERRORREPORT:PROMPT /OUT:"C:\Users\Kevin\Documents\Visual Studio 2012\Projects\Assignment 1 take 3\Debug\Assignment 1 take 3.exe" /INCREMENTAL /NOLOGO kernel32.lib user32.lib gdi32.lib winspool.lib comdlg32.lib advapi32.lib shell32.lib ole32.lib oleaut32.lib uuid.lib odbc32.lib odbccp32.lib /MANIFEST /MANIFESTUAC:"level='asInvoker' uiAccess='false'" /manifest:embed /DEBUG /PDB:"C:\Users\Kevin\Documents\Visual Studio 2012\Projects\Assignment 1 take 3\Debug\Assignment 1 take 3.pdb" /SUBSYSTEM:CONSOLE /TLBID:1 /DYNAMICBASE /NXCOMPAT /IMPLIB:"C:\Users\Kevin\Documents\Visual Studio 2012\Projects\Assignment 1 take 3\Debug\Assignment 1 take 3.lib" /MACHINE:X86 Debug\Source.obj
         Assignment 1 take 3.vcxproj -> C:\Users\Kevin\Documents\Visual Studio 2012\Projects\Assignment 1 take 3\Debug\Assignment 1 take 3.exe
     1>Done Building Project "C:\Users\Kevin\Documents\Visual Studio 2012\Projects\Assignment 1 take 3\Assignment 1 take 3\Assignment 1 take 3.vcxproj" (Build target(s)).

Build succeeded.

Time Elapsed 00:00:00.66
